BeautyCenter/proguard/seeds.txt
u.aly.be$a: void a(u.aly.di,u.aly.be)
u.aly.be$a: void b(u.aly.di,u.aly.be)
u.aly.be$a: void a(u.aly.di,u.aly.cj)
u.aly.be$a: void b(u.aly.di,u.aly.cj)
u.aly.be$b: u.aly.be$a a()
u.aly.be$b: u.aly.dq b()
u.aly.be$c: void a(u.aly.di,u.aly.be)
u.aly.be$c: void b(u.aly.di,u.aly.be)
u.aly.be$c: void a(u.aly.di,u.aly.cj)
u.aly.be$c: void b(u.aly.di,u.aly.cj)
u.aly.be$d: u.aly.be$c a()
u.aly.be$d: u.aly.dq b()
u.aly.be$e: u.aly.be$e a
u.aly.be$e: u.aly.be$e b
u.aly.be$e: u.aly.be$e c
u.aly.be$e: u.aly.be$e d
u.aly.be$e: java.util.Map e
u.aly.be$e: short f
u.aly.be$e: java.lang.String g
u.aly.be$e: u.aly.be$e[] h
u.aly.be$e: u.aly.be$e[] values()
u.aly.be$e: u.aly.be$e valueOf(java.lang.String)
u.aly.be$e: u.aly.be$e a(int)
u.aly.be$e: u.aly.be$e b(int)
u.aly.be$e: u.aly.be$e a(java.lang.String)
u.aly.be$e: short a()
u.aly.be$e: java.lang.String b()
u.aly.bf: u.aly.dn d
u.aly.bf: u.aly.dd e
u.aly.bf: u.aly.dd f
u.aly.bf: java.util.Map g
u.aly.bf: int a
u.aly.bf: long b
u.aly.bf: int h
u.aly.bf: int i
u.aly.bf: byte j
u.aly.bf: java.util.Map c
u.aly.bf: bf()
u.aly.bf: bf(int,long)
u.aly.bf: bf(u.aly.bf)
u.aly.bf: u.aly.bf a()
u.aly.bf: void b()
u.aly.bf: int c()
u.aly.bf: u.aly.bf a(int)
u.aly.bf: void d()
u.aly.bf: boolean e()
u.aly.bf: void a(boolean)
u.aly.bf: long f()
u.aly.bf: u.aly.bf a(long)
u.aly.bf: void h()
u.aly.bf: boolean i()
u.aly.bf: void b(boolean)
u.aly.bf: u.aly.bf$e c(int)
u.aly.bf: void a(u.aly.di)
u.aly.bf: void b(u.aly.di)
u.aly.bf: java.lang.String toString()
u.aly.bf: void j()
u.aly.bf: u.aly.cj g()
u.aly.bf: u.aly.cq b(int)
u.aly.bf$a: void a(u.aly.di,u.aly.bf)
u.aly.bf$a: void b(u.aly.di,u.aly.bf)
u.aly.bf$a: void a(u.aly.di,u.aly.cj)
u.aly.bf$a: void b(u.aly.di,u.aly.cj)
u.aly.bf$b: u.aly.bf$a a()
u.aly.bf$b: u.aly.dq b()
u.aly.bf$c: void a(u.aly.di,u.aly.bf)
u.aly.bf$c: void b(u.aly.di,u.aly.bf)
u.aly.bf$c: void a(u.aly.di,u.aly.cj)
u.aly.bf$c: void b(u.aly.di,u.aly.cj)
u.aly.bf$d: u.aly.bf$c a()
u.aly.bf$d: u.aly.dq b()
u.aly.bf$e: u.aly.bf$e a
u.aly.bf$e: u.aly.bf$e b
u.aly.bf$e: java.util.Map c
u.aly.bf$e: short d
u.aly.bf$e: java.lang.String e
u.aly.bf$e: u.aly.bf$e[] f
u.aly.bf$e: u.aly.bf$e[] values()
u.aly.bf$e: u.aly.bf$e valueOf(java.lang.String)
u.aly.bf$e: u.aly.bf$e a(int)
u.aly.bf$e: u.aly.bf$e b(int)
u.aly.bf$e: u.aly.bf$e a(java.lang.String)
u.aly.bf$e: short a()
u.aly.bf$e: java.lang.String b()
u.aly.bg: u.aly.dn e
u.aly.bg: u.aly.dd f
u.aly.bg: u.aly.dd g
u.aly.bg: u.aly.dd h
u.aly.bg: java.util.Map i
u.aly.bg: double a
u.aly.bg: double b
u.aly.bg: long c
u.aly.bg: int j
u.aly.bg: int k
u.aly.bg: int l
u.aly.bg: byte m
u.aly.bg: java.util.Map d
u.aly.bg: bg()
u.aly.bg: bg(double,double,long)
u.aly.bg: bg(u.aly.bg)
u.aly.bg: u.aly.bg a()
u.aly.bg: void b()
u.aly.bg: double c()
u.aly.bg: u.aly.bg a(double)
u.aly.bg: void d()
u.aly.bg: boolean e()
u.aly.bg: void a(boolean)
u.aly.bg: double f()
u.aly.bg: u.aly.bg b(double)
u.aly.bg: void h()
u.aly.bg: boolean i()
u.aly.bg: void b(boolean)
u.aly.bg: long j()
u.aly.bg: u.aly.bg a(long)
u.aly.bg: void k()
u.aly.bg: boolean l()
u.aly.bg: void c(boolean)
u.aly.bg: u.aly.bg$e a(int)
u.aly.bg: void a(u.aly.di)
u.aly.bg: void b(u.aly.di)
u.aly.bg: java.lang.String toString()
u.aly.bg: void m()
u.aly.bg: u.aly.cj g()
u.aly.bg: u.aly.cq b(int)
u.aly.bg$a: void a(u.aly.di,u.aly.bg)
u.aly.bg$a: void b(u.aly.di,u.aly.bg)
u.aly.bg$a: void a(u.aly.di,u.aly.cj)
u.aly.bg$a: void b(u.aly.di,u.aly.cj)
u.aly.bg$b: u.aly.bg$a a()
u.aly.bg$b: u.aly.dq b()
u.aly.bg$c: void a(u.aly.di,u.aly.bg)
u.aly.bg$c: void b(u.aly.di,u.aly.bg)
u.aly.bg$c: void a(u.aly.di,u.aly.cj)
u.aly.bg$c: void b(u.aly.di,u.aly.cj)
u.aly.bg$d: u.aly.bg$c a()
u.aly.bg$d: u.aly.dq b()