BeautyCenter/proguard/usage.txt
com.coco.wallpaper.wallpaperbox.LockWallpaperPreview$LocalViewPagerAdapter:
    private java.util.List mListViews
com.coco.wallpaper.wallpaperbox.PathTool:
    private static final java.lang.String LOG_TAG
com.coco.wallpaper.wallpaperbox.StaticClass
com.coco.wallpaper.wallpaperbox.TabWallpaperFactory$GridHotWallpaperAdapter:
    1472:1495:private void Recyclebitmap(android.widget.ImageView)
com.coco.wallpaper.wallpaperbox.TabWallpaperFactory$GridLiveWallpaperAdapter:
    2511:2534:private void Recyclebitmap(android.widget.ImageView)
com.coco.wallpaper.wallpaperbox.WallpaperDialog:
    private android.app.ProgressDialog setLockWallpaperDialog
com.coco.wallpaper.wallpaperbox.WallpaperPreViewWindowActivity:
    164:174:private java.lang.String getLauncherBgPath()
com.coco.wallpaper.wallpaperbox.WallpaperPreviewActivity:
    private static final java.lang.String LOG_TAG
    private android.widget.RelativeLayout wallpaper_preview
    688:713:private java.lang.Boolean getCurrentLockInfoDZ()
com.coco.wallpaper.wallpaperbox.WallpaperPreviewActivity$DefaultLayoutHandler:
    public static final java.lang.String GENERAl_CONFIG
com.coco.wallpaper.wallpaperbox.WallpaperPreviewActivity$HotViewPagerAdapter:
    private java.util.List mListViews
com.coco.wallpaper.wallpaperbox.WallpaperPreviewActivity$LocalViewPagerAdapter:
    private java.util.List mListViews
com.coco.widget.widgetbox.ContentConfig:
    private static final java.lang.String LOG_TAG
com.coco.widget.widgetbox.PathTool:
    private static final java.lang.String LOG_TAG
com.coco.widget.widgetbox.StaticClass:
    public static final java.lang.String HOT_LIST_DATE
    public static final java.lang.String ACTION_THEME_VIEW
    public static final java.lang.String ACTION_CHECK_ICON
    public static final java.lang.String ACTION_HOTLIST_CHANGED
    public static final java.lang.String ACTION_DEFAULT_THEME_CHANGED
    public static final java.lang.String ACTION_START_DOWNLOAD_APK
    public static final java.lang.String ACTION_PAUSE_DOWNLOAD_APK
    public static final java.lang.String ACTION_THUMB_CHANGED
    public static final java.lang.String ACTION_PREVIEW_CHANGED
    public static final java.lang.String ACTION_DOWNLOAD_STATUS_CHANGED
    public static final java.lang.String ACTION_DOWNLOAD_SIZE_CHANGED
    public static final java.lang.String EXTRA_PACKAGE_NAME
    public static final java.lang.String EXTRA_CLASS_NAME
    public static final java.lang.String EXTRA_DOWNLOAD_SIZE
    public static final java.lang.String EXTRA_TOTAL_SIZE
    public static final java.lang.String EXTRA_MAIN_TAB_INDEX
    public static final java.lang.String DEFAULT_APK_URL
    public static final java.lang.String DEFAULT_IMAGE_URL
    public static final java.lang.String DEFAULT_LIST_URL
com.coco.widget.widgetbox.WidgetGridHotAdapter:
    332:355:private void Recyclebitmap(android.widget.ImageView)
com.coco.widget.widgetbox.WidgetPreviewHotActivity:
    private static final java.lang.String APPID
    private static final java.lang.String APPKEY
    private android.app.ProgressDialog dialog
    private static final int WIDGET_INDICATION
com.cooee.statistics.BaseInfor:
    public static final java.lang.String CONFIG_FILE_NAME
com.cooee.statistics.CustomerHttpClientNew:
    private static final java.lang.String CHARSET
com.cooee.statistics.StaticClass
com.cooee.statistics.StaticClassNew
com.cooee.statistics.StatisticsBase:
    private static final java.lang.String ERRTIME
    private static final java.lang.String ERRCOUNT
    private static final java.lang.String SUCCESSTIME
    private static final java.lang.String TAG
    622:628:private static void clearErrCount()